<?xml version="1.0" encoding="UTF-8"?>
<testng-results ignored="0" total="3" passed="3" failed="0" skipped="0">
  <reporter-output>
  </reporter-output>
  <suite started-at="2025-01-18T17:32:59Z" name="Default suite" finished-at="2025-01-18T17:33:01Z" duration-ms="2558">
    <groups>
    </groups>
    <test started-at="2025-01-18T17:32:59Z" name="Default test" finished-at="2025-01-18T17:33:01Z" duration-ms="2558">
      <class name="com.test.TestNg">
        <test-method signature="Launch()[pri:0, instance:com.test.TestNg@14bee915]" started-at="2025-01-18T17:32:59Z" name="Launch" finished-at="2025-01-18T17:33:01Z" duration-ms="1929" status="PASS">
          <reporter-output>
          </reporter-output>
        </test-method> <!-- Launch -->
        <test-method signature="text()[pri:1, instance:com.test.TestNg@14bee915]" started-at="2025-01-18T17:33:01Z" name="text" finished-at="2025-01-18T17:33:01Z" duration-ms="417" status="PASS">
          <reporter-output>
          </reporter-output>
        </test-method> <!-- text -->
        <test-method signature="quitBrowser()[pri:2, instance:com.test.TestNg@14bee915]" started-at="2025-01-18T17:33:01Z" name="quitBrowser" finished-at="2025-01-18T17:33:01Z" duration-ms="186" status="PASS">
          <reporter-output>
          </reporter-output>
        </test-method> <!-- quitBrowser -->
      </class> <!-- com.test.TestNg -->
    </test> <!-- Default test -->
  </suite> <!-- Default suite -->
</testng-results>
